{"name": "test_login_page2[9-80-test_2]", "status": "failed", "statusDetails": {"message": "AssertionError: results are not matching\nassert 81 == 80", "trace": "test_input = 9, expected = 80, test_report = 'test_2'\n\n    @pytest.mark.parametrize(\"test_input,expected,test_report\",list_tuples)\n    def test_login_page2(test_input,expected,test_report):\n        result=pow(test_input, 2)\n>       assert result == expected , \"results are not matching\"\nE       AssertionError: results are not matching\nE       assert 81 == 80\n\ntest_parametrize2.py:32: AssertionError"}, "parameters": [{"name": "test_input", "value": "9"}, {"name": "expected", "value": "80"}, {"name": "test_report", "value": "'test_2'"}], "start": 1663281915136, "stop": 1663281915136, "uuid": "4f8244e7-e977-4fc9-af1e-1e3e2f57d015", "historyId": "aa969bc3f30044550e81d93bac436efb", "testCaseId": "7805a228255954ee2dd4c417372c309b", "fullName": "test_parametrize2#test_login_page2", "labels": [{"name": "suite", "value": "test_parametrize2"}, {"name": "host", "value": "fv-az245-909"}, {"name": "thread", "value": "1826-MainThread"}, {"name": "framework", "value": "pytest"}, {"name": "language", "value": "cpython3"}, {"name": "package", "value": "test_parametrize2"}]}