<?xml version="1.0" encoding="utf-8"?><testsuites><testsuite name="pytest" errors="1" failures="0" skipped="0" tests="1" time="0.146" timestamp="2022-07-07T02:04:59.477517" hostname="it031797.foxsports.com.au"><testcase classname="" name="test_parametrize" time="0.000"><error message="collection failure">ImportError while importing test module '/Users/rahulkeshav/code/mcdp_scripts/pytestDemo/test_parametrize.py'.
Hint: make sure your test modules/packages have valid Python names.
Traceback:
/opt/homebrew/Cellar/python@3.9/3.9.12/Frameworks/Python.framework/Versions/3.9/lib/python3.9/importlib/__init__.py:127: in import_module
    return _bootstrap._gcd_import(name[level:], package, level)
test_parametrize.py:1: in &lt;module&gt;
    import mathlib
E   ModuleNotFoundError: No module named 'mathlib'</error></testcase></testsuite></testsuites>