{"uid":"e3d9c182d2ea9dc8","name":"test_login_page2[9-80-test_2]","fullName":"test_parametrize2#test_login_page2","historyId":"aa969bc3f30044550e81d93bac436efb","time":{"start":1663287593443,"stop":1663287593443,"duration":0},"status":"failed","statusMessage":"AssertionError: results are not matching\nassert 81 == 80","statusTrace":"test_input = 9, expected = 80, test_report = 'test_2'\n\n    @pytest.mark.parametrize(\"test_input,expected,test_report\",list_tuples)\n    def test_login_page2(test_input,expected,test_report):\n        result=pow(test_input, 2)\n>       assert result == expected , \"results are not matching\"\nE       AssertionError: results are not matching\nE       assert 81 == 80\n\ntest_parametrize2.py:32: AssertionError","flaky":false,"newFailed":false,"newBroken":false,"newPassed":false,"retriesCount":0,"retriesStatusChange":false,"beforeStages":[],"afterStages":[],"labels":[{"name":"suite","value":"test_parametrize2"},{"name":"host","value":"fv-az550-353"},{"name":"thread","value":"2258-MainThread"},{"name":"framework","value":"pytest"},{"name":"language","value":"cpython3"},{"name":"package","value":"test_parametrize2"},{"name":"resultFormat","value":"allure2"}],"parameters":[{"name":"expected","value":"80"},{"name":"test_input","value":"9"},{"name":"test_report","value":"'test_2'"}],"links":[],"hidden":false,"retry":false,"extra":{"severity":"normal","retries":[],"categories":[{"name":"Product defects","matchedStatuses":[],"flaky":false}],"tags":[]},"source":"e3d9c182d2ea9dc8.json","parameterValues":["80","9","'test_2'"]}